{"C:\\Users\\emeris\\Documents\\PulseVote\\pulsevote-backend\\app.js": {"path":"C:\\Users\\emeris\\Documents\\PulseVote\\pulsevote-backend\\app.js","statementMap":{"0":{"start":{"line":1,"column":16},"end":{"line":1,"column":34}},"1":{"start":{"line":2,"column":13},"end":{"line":2,"column":28}},"2":{"start":{"line":3,"column":15},"end":{"line":3,"column":32}},"3":{"start":{"line":4,"column":15},"end":{"line":4,"column":32}},"4":{"start":{"line":6,"column":19},"end":{"line":6,"column":49}},"5":{"start":{"line":7,"column":20},"end":{"line":7,"column":58}},"6":{"start":{"line":9,"column":27},"end":{"line":9,"column":65}},"7":{"start":{"line":10,"column":19},"end":{"line":10,"column":49}},"8":{"start":{"line":12,"column":0},"end":{"line":12,"column":16}},"9":{"start":{"line":14,"column":12},"end":{"line":14,"column":21}},"10":{"start":{"line":16,"column":0},"end":{"line":16,"column":26}},"11":{"start":{"line":18,"column":0},"end":{"line":42,"column":2}},"12":{"start":{"line":44,"column":0},"end":{"line":47,"column":4}},"13":{"start":{"line":49,"column":0},"end":{"line":49,"column":24}},"14":{"start":{"line":51,"column":0},"end":{"line":51,"column":33}},"15":{"start":{"line":53,"column":0},"end":{"line":53,"column":33}},"16":{"start":{"line":54,"column":0},"end":{"line":54,"column":50}},"17":{"start":{"line":55,"column":0},"end":{"line":55,"column":34}},"18":{"start":{"line":57,"column":0},"end":{"line":59,"column":3}},"19":{"start":{"line":58,"column":4},"end":{"line":58,"column":39}},"20":{"start":{"line":61,"column":0},"end":{"line":67,"column":3}},"21":{"start":{"line":62,"column":4},"end":{"line":66,"column":7}},"22":{"start":{"line":70,"column":0},"end":{"line":75,"column":3}},"23":{"start":{"line":71,"column":4},"end":{"line":74,"column":7}},"24":{"start":{"line":77,"column":0},"end":{"line":82,"column":2}},"25":{"start":{"line":78,"column":2},"end":{"line":81,"column":4}},"26":{"start":{"line":84,"column":0},"end":{"line":84,"column":21}}},"fnMap":{"0":{"name":"(anonymous_0)","decl":{"start":{"line":57,"column":13},"end":{"line":57,"column":14}},"loc":{"start":{"line":57,"column":27},"end":{"line":59,"column":1}},"line":57},"1":{"name":"(anonymous_1)","decl":{"start":{"line":61,"column":17},"end":{"line":61,"column":18}},"loc":{"start":{"line":61,"column":31},"end":{"line":67,"column":1}},"line":61},"2":{"name":"(anonymous_2)","decl":{"start":{"line":70,"column":35},"end":{"line":70,"column":36}},"loc":{"start":{"line":70,"column":49},"end":{"line":75,"column":1}},"line":70},"3":{"name":"(anonymous_3)","decl":{"start":{"line":77,"column":19},"end":{"line":77,"column":20}},"loc":{"start":{"line":78,"column":2},"end":{"line":81,"column":4}},"line":78}},"branchMap":{},"s":{"0":4,"1":4,"2":4,"3":4,"4":4,"5":4,"6":4,"7":4,"8":4,"9":4,"10":4,"11":4,"12":4,"13":4,"14":4,"15":4,"16":4,"17":4,"18":4,"19":0,"20":4,"21":0,"22":4,"23":0,"24":4,"25":1,"26":4},"f":{"0":0,"1":0,"2":0,"3":1},"b":{},"_coverageSchema":"1a1c01bbd47fc00a2c39e90264f33305004495a9","hash":"e2c393465374a97cc9644ddd0ca796500830c2fb"}
,"C:\\Users\\emeris\\Documents\\PulseVote\\pulsevote-backend\\controllers\\authController.js": {"path":"C:\\Users\\emeris\\Documents\\PulseVote\\pulsevote-backend\\controllers\\authController.js","statementMap":{"0":{"start":{"line":1,"column":22},"end":{"line":1,"column":55}},"1":{"start":{"line":2,"column":13},"end":{"line":2,"column":38}},"2":{"start":{"line":3,"column":29},"end":{"line":3,"column":57}},"3":{"start":{"line":6,"column":0},"end":{"line":50,"column":2}},"4":{"start":{"line":7,"column":17},"end":{"line":7,"column":38}},"5":{"start":{"line":9,"column":2},"end":{"line":14,"column":3}},"6":{"start":{"line":10,"column":4},"end":{"line":13,"column":7}},"7":{"start":{"line":16,"column":30},"end":{"line":16,"column":38}},"8":{"start":{"line":18,"column":2},"end":{"line":49,"column":3}},"9":{"start":{"line":19,"column":21},"end":{"line":19,"column":50}},"10":{"start":{"line":21,"column":4},"end":{"line":25,"column":5}},"11":{"start":{"line":22,"column":6},"end":{"line":24,"column":9}},"12":{"start":{"line":27,"column":17},"end":{"line":36,"column":6}},"13":{"start":{"line":38,"column":4},"end":{"line":41,"column":7}},"14":{"start":{"line":44,"column":4},"end":{"line":44,"column":23}},"15":{"start":{"line":46,"column":4},"end":{"line":48,"column":7}},"16":{"start":{"line":53,"column":0},"end":{"line":108,"column":2}},"17":{"start":{"line":54,"column":17},"end":{"line":54,"column":38}},"18":{"start":{"line":56,"column":2},"end":{"line":61,"column":3}},"19":{"start":{"line":57,"column":4},"end":{"line":60,"column":7}},"20":{"start":{"line":63,"column":2},"end":{"line":107,"column":3}},"21":{"start":{"line":64,"column":22},"end":{"line":64,"column":54}},"22":{"start":{"line":66,"column":4},"end":{"line":73,"column":5}},"23":{"start":{"line":68,"column":33},"end":{"line":68,"column":51}},"24":{"start":{"line":70,"column":6},"end":{"line":72,"column":9}},"25":{"start":{"line":75,"column":32},"end":{"line":75,"column":40}},"26":{"start":{"line":77,"column":21},"end":{"line":77,"column":50}},"27":{"start":{"line":79,"column":4},"end":{"line":83,"column":5}},"28":{"start":{"line":80,"column":6},"end":{"line":82,"column":9}},"29":{"start":{"line":85,"column":24},"end":{"line":94,"column":6}},"30":{"start":{"line":96,"column":4},"end":{"line":99,"column":7}},"31":{"start":{"line":102,"column":4},"end":{"line":102,"column":23}},"32":{"start":{"line":104,"column":4},"end":{"line":106,"column":7}},"33":{"start":{"line":111,"column":0},"end":{"line":166,"column":2}},"34":{"start":{"line":112,"column":17},"end":{"line":112,"column":38}},"35":{"start":{"line":114,"column":2},"end":{"line":119,"column":3}},"36":{"start":{"line":115,"column":4},"end":{"line":118,"column":7}},"37":{"start":{"line":121,"column":2},"end":{"line":165,"column":3}},"38":{"start":{"line":122,"column":32},"end":{"line":122,"column":40}},"39":{"start":{"line":124,"column":24},"end":{"line":126,"column":6}},"40":{"start":{"line":129,"column":4},"end":{"line":133,"column":5}},"41":{"start":{"line":130,"column":6},"end":{"line":132,"column":9}},"42":{"start":{"line":135,"column":21},"end":{"line":135,"column":50}},"43":{"start":{"line":137,"column":4},"end":{"line":141,"column":5}},"44":{"start":{"line":138,"column":6},"end":{"line":140,"column":9}},"45":{"start":{"line":143,"column":22},"end":{"line":152,"column":6}},"46":{"start":{"line":154,"column":4},"end":{"line":157,"column":7}},"47":{"start":{"line":160,"column":4},"end":{"line":160,"column":23}},"48":{"start":{"line":162,"column":4},"end":{"line":164,"column":7}},"49":{"start":{"line":169,"column":0},"end":{"line":201,"column":2}},"50":{"start":{"line":170,"column":17},"end":{"line":170,"column":38}},"51":{"start":{"line":172,"column":2},"end":{"line":177,"column":3}},"52":{"start":{"line":173,"column":4},"end":{"line":176,"column":7}},"53":{"start":{"line":179,"column":30},"end":{"line":179,"column":38}},"54":{"start":{"line":181,"column":2},"end":{"line":200,"column":3}},"55":{"start":{"line":182,"column":17},"end":{"line":182,"column":46}},"56":{"start":{"line":184,"column":4},"end":{"line":188,"column":5}},"57":{"start":{"line":185,"column":6},"end":{"line":187,"column":9}},"58":{"start":{"line":190,"column":4},"end":{"line":192,"column":7}},"59":{"start":{"line":195,"column":4},"end":{"line":195,"column":23}},"60":{"start":{"line":197,"column":4},"end":{"line":199,"column":7}}},"fnMap":{"0":{"name":"(anonymous_0)","decl":{"start":{"line":6,"column":23},"end":{"line":6,"column":24}},"loc":{"start":{"line":6,"column":43},"end":{"line":50,"column":1}},"line":6},"1":{"name":"(anonymous_1)","decl":{"start":{"line":53,"column":26},"end":{"line":53,"column":27}},"loc":{"start":{"line":53,"column":46},"end":{"line":108,"column":1}},"line":53},"2":{"name":"(anonymous_2)","decl":{"start":{"line":68,"column":28},"end":{"line":68,"column":29}},"loc":{"start":{"line":68,"column":33},"end":{"line":68,"column":51}},"line":68},"3":{"name":"(anonymous_3)","decl":{"start":{"line":111,"column":24},"end":{"line":111,"column":25}},"loc":{"start":{"line":111,"column":44},"end":{"line":166,"column":1}},"line":111},"4":{"name":"(anonymous_4)","decl":{"start":{"line":169,"column":16},"end":{"line":169,"column":17}},"loc":{"start":{"line":169,"column":36},"end":{"line":201,"column":1}},"line":169}},"branchMap":{"0":{"loc":{"start":{"line":9,"column":2},"end":{"line":14,"column":3}},"type":"if","locations":[{"start":{"line":9,"column":2},"end":{"line":14,"column":3}},{"start":{},"end":{}}],"line":9},"1":{"loc":{"start":{"line":21,"column":4},"end":{"line":25,"column":5}},"type":"if","locations":[{"start":{"line":21,"column":4},"end":{"line":25,"column":5}},{"start":{},"end":{}}],"line":21},"2":{"loc":{"start":{"line":56,"column":2},"end":{"line":61,"column":3}},"type":"if","locations":[{"start":{"line":56,"column":2},"end":{"line":61,"column":3}},{"start":{},"end":{}}],"line":56},"3":{"loc":{"start":{"line":66,"column":4},"end":{"line":73,"column":5}},"type":"if","locations":[{"start":{"line":66,"column":4},"end":{"line":73,"column":5}},{"start":{},"end":{}}],"line":66},"4":{"loc":{"start":{"line":67,"column":6},"end":{"line":68,"column":52}},"type":"binary-expr","locations":[{"start":{"line":67,"column":6},"end":{"line":67,"column":16}},{"start":{"line":68,"column":6},"end":{"line":68,"column":52}}],"line":67},"5":{"loc":{"start":{"line":79,"column":4},"end":{"line":83,"column":5}},"type":"if","locations":[{"start":{"line":79,"column":4},"end":{"line":83,"column":5}},{"start":{},"end":{}}],"line":79},"6":{"loc":{"start":{"line":114,"column":2},"end":{"line":119,"column":3}},"type":"if","locations":[{"start":{"line":114,"column":2},"end":{"line":119,"column":3}},{"start":{},"end":{}}],"line":114},"7":{"loc":{"start":{"line":129,"column":4},"end":{"line":133,"column":5}},"type":"if","locations":[{"start":{"line":129,"column":4},"end":{"line":133,"column":5}},{"start":{},"end":{}}],"line":129},"8":{"loc":{"start":{"line":137,"column":4},"end":{"line":141,"column":5}},"type":"if","locations":[{"start":{"line":137,"column":4},"end":{"line":141,"column":5}},{"start":{},"end":{}}],"line":137},"9":{"loc":{"start":{"line":172,"column":2},"end":{"line":177,"column":3}},"type":"if","locations":[{"start":{"line":172,"column":2},"end":{"line":177,"column":3}},{"start":{},"end":{}}],"line":172},"10":{"loc":{"start":{"line":184,"column":4},"end":{"line":188,"column":5}},"type":"if","locations":[{"start":{"line":184,"column":4},"end":{"line":188,"column":5}},{"start":{},"end":{}}],"line":184},"11":{"loc":{"start":{"line":184,"column":8},"end":{"line":184,"column":56}},"type":"binary-expr","locations":[{"start":{"line":184,"column":8},"end":{"line":184,"column":13}},{"start":{"line":184,"column":17},"end":{"line":184,"column":56}}],"line":184}},"s":{"0":4,"1":4,"2":4,"3":4,"4":4,"5":4,"6":2,"7":2,"8":2,"9":2,"10":2,"11":1,"12":1,"13":1,"14":0,"15":0,"16":4,"17":0,"18":0,"19":0,"20":0,"21":0,"22":0,"23":0,"24":0,"25":0,"26":0,"27":0,"28":0,"29":0,"30":0,"31":0,"32":0,"33":4,"34":0,"35":0,"36":0,"37":0,"38":0,"39":0,"40":0,"41":0,"42":0,"43":0,"44":0,"45":0,"46":0,"47":0,"48":0,"49":4,"50":4,"51":4,"52":2,"53":2,"54":2,"55":2,"56":2,"57":1,"58":1,"59":0,"60":0},"f":{"0":4,"1":0,"2":0,"3":0,"4":4},"b":{"0":[2,2],"1":[1,1],"2":[0,0],"3":[0,0],"4":[0,0],"5":[0,0],"6":[0,0],"7":[0,0],"8":[0,0],"9":[2,2],"10":[1,1],"11":[2,2]},"_coverageSchema":"1a1c01bbd47fc00a2c39e90264f33305004495a9","hash":"1bcb5f4325accb47952059e49a79c04dab9da447"}
,"C:\\Users\\emeris\\Documents\\PulseVote\\pulsevote-backend\\controllers\\organisationController.js": {"path":"C:\\Users\\emeris\\Documents\\PulseVote\\pulsevote-backend\\controllers\\organisationController.js","statementMap":{"0":{"start":{"line":1,"column":21},"end":{"line":1,"column":54}},"1":{"start":{"line":2,"column":13},"end":{"line":2,"column":38}},"2":{"start":{"line":3,"column":22},"end":{"line":3,"column":55}},"3":{"start":{"line":5,"column":0},"end":{"line":62,"column":2}},"4":{"start":{"line":6,"column":2},"end":{"line":61,"column":3}},"5":{"start":{"line":7,"column":17},"end":{"line":7,"column":38}},"6":{"start":{"line":9,"column":4},"end":{"line":13,"column":5}},"7":{"start":{"line":10,"column":6},"end":{"line":12,"column":9}},"8":{"start":{"line":15,"column":21},"end":{"line":15,"column":57}},"9":{"start":{"line":17,"column":4},"end":{"line":21,"column":5}},"10":{"start":{"line":18,"column":6},"end":{"line":20,"column":9}},"11":{"start":{"line":23,"column":16},"end":{"line":27,"column":6}},"12":{"start":{"line":29,"column":4},"end":{"line":29,"column":27}},"13":{"start":{"line":30,"column":4},"end":{"line":30,"column":21}},"14":{"start":{"line":32,"column":17},"end":{"line":32,"column":49}},"15":{"start":{"line":34,"column":27},"end":{"line":38,"column":5}},"16":{"start":{"line":36,"column":8},"end":{"line":37,"column":62}},"17":{"start":{"line":40,"column":4},"end":{"line":47,"column":5}},"18":{"start":{"line":41,"column":6},"end":{"line":44,"column":9}},"19":{"start":{"line":46,"column":6},"end":{"line":46,"column":24}},"20":{"start":{"line":49,"column":4},"end":{"line":53,"column":7}},"21":{"start":{"line":56,"column":4},"end":{"line":56,"column":23}},"22":{"start":{"line":58,"column":4},"end":{"line":60,"column":7}},"23":{"start":{"line":64,"column":0},"end":{"line":97,"column":2}},"24":{"start":{"line":65,"column":2},"end":{"line":96,"column":3}},"25":{"start":{"line":66,"column":17},"end":{"line":66,"column":56}},"26":{"start":{"line":68,"column":4},"end":{"line":72,"column":5}},"27":{"start":{"line":69,"column":6},"end":{"line":71,"column":9}},"28":{"start":{"line":74,"column":20},"end":{"line":74,"column":66}},"29":{"start":{"line":74,"column":44},"end":{"line":74,"column":65}},"30":{"start":{"line":76,"column":28},"end":{"line":78,"column":39}},"31":{"start":{"line":77,"column":22},"end":{"line":77,"column":41}},"32":{"start":{"line":78,"column":19},"end":{"line":78,"column":38}},"33":{"start":{"line":80,"column":18},"end":{"line":82,"column":41}},"34":{"start":{"line":84,"column":26},"end":{"line":86,"column":13}},"35":{"start":{"line":88,"column":4},"end":{"line":88,"column":35}},"36":{"start":{"line":91,"column":4},"end":{"line":91,"column":23}},"37":{"start":{"line":93,"column":4},"end":{"line":95,"column":7}},"38":{"start":{"line":99,"column":0},"end":{"line":127,"column":2}},"39":{"start":{"line":100,"column":2},"end":{"line":126,"column":3}},"40":{"start":{"line":101,"column":31},"end":{"line":101,"column":41}},"41":{"start":{"line":103,"column":16},"end":{"line":103,"column":59}},"42":{"start":{"line":105,"column":4},"end":{"line":109,"column":5}},"43":{"start":{"line":106,"column":6},"end":{"line":108,"column":9}},"44":{"start":{"line":111,"column":4},"end":{"line":111,"column":27}},"45":{"start":{"line":113,"column":4},"end":{"line":113,"column":21}},"46":{"start":{"line":115,"column":4},"end":{"line":118,"column":7}},"47":{"start":{"line":121,"column":4},"end":{"line":121,"column":23}},"48":{"start":{"line":123,"column":4},"end":{"line":125,"column":7}},"49":{"start":{"line":129,"column":0},"end":{"line":190,"column":2}},"50":{"start":{"line":130,"column":2},"end":{"line":189,"column":3}},"51":{"start":{"line":131,"column":21},"end":{"line":131,"column":46}},"52":{"start":{"line":133,"column":4},"end":{"line":137,"column":5}},"53":{"start":{"line":134,"column":6},"end":{"line":136,"column":9}},"54":{"start":{"line":139,"column":16},"end":{"line":139,"column":56}},"55":{"start":{"line":141,"column":4},"end":{"line":145,"column":5}},"56":{"start":{"line":142,"column":6},"end":{"line":144,"column":9}},"57":{"start":{"line":147,"column":17},"end":{"line":147,"column":49}},"58":{"start":{"line":149,"column":26},"end":{"line":153,"column":5}},"59":{"start":{"line":151,"column":8},"end":{"line":152,"column":62}},"60":{"start":{"line":155,"column":4},"end":{"line":159,"column":5}},"61":{"start":{"line":156,"column":6},"end":{"line":158,"column":9}},"62":{"start":{"line":161,"column":4},"end":{"line":168,"column":5}},"63":{"start":{"line":163,"column":20},"end":{"line":163,"column":55}},"64":{"start":{"line":166,"column":6},"end":{"line":166,"column":36}},"65":{"start":{"line":167,"column":6},"end":{"line":167,"column":23}},"66":{"start":{"line":170,"column":4},"end":{"line":173,"column":7}},"67":{"start":{"line":175,"column":4},"end":{"line":175,"column":22}},"68":{"start":{"line":177,"column":4},"end":{"line":181,"column":7}},"69":{"start":{"line":184,"column":4},"end":{"line":184,"column":23}},"70":{"start":{"line":186,"column":4},"end":{"line":188,"column":7}}},"fnMap":{"0":{"name":"(anonymous_0)","decl":{"start":{"line":5,"column":29},"end":{"line":5,"column":30}},"loc":{"start":{"line":5,"column":49},"end":{"line":62,"column":1}},"line":5},"1":{"name":"(anonymous_1)","decl":{"start":{"line":35,"column":6},"end":{"line":35,"column":7}},"loc":{"start":{"line":36,"column":8},"end":{"line":37,"column":62}},"line":36},"2":{"name":"(anonymous_2)","decl":{"start":{"line":64,"column":29},"end":{"line":64,"column":30}},"loc":{"start":{"line":64,"column":49},"end":{"line":97,"column":1}},"line":64},"3":{"name":"(anonymous_3)","decl":{"start":{"line":74,"column":36},"end":{"line":74,"column":37}},"loc":{"start":{"line":74,"column":44},"end":{"line":74,"column":65}},"line":74},"4":{"name":"(anonymous_4)","decl":{"start":{"line":77,"column":14},"end":{"line":77,"column":15}},"loc":{"start":{"line":77,"column":22},"end":{"line":77,"column":41}},"line":77},"5":{"name":"(anonymous_5)","decl":{"start":{"line":78,"column":11},"end":{"line":78,"column":12}},"loc":{"start":{"line":78,"column":19},"end":{"line":78,"column":38}},"line":78},"6":{"name":"(anonymous_6)","decl":{"start":{"line":99,"column":27},"end":{"line":99,"column":28}},"loc":{"start":{"line":99,"column":47},"end":{"line":127,"column":1}},"line":99},"7":{"name":"(anonymous_7)","decl":{"start":{"line":129,"column":27},"end":{"line":129,"column":28}},"loc":{"start":{"line":129,"column":47},"end":{"line":190,"column":1}},"line":129},"8":{"name":"(anonymous_8)","decl":{"start":{"line":150,"column":6},"end":{"line":150,"column":7}},"loc":{"start":{"line":151,"column":8},"end":{"line":152,"column":62}},"line":151},"9":{"name":"(anonymous_9)","decl":{"start":{"line":163,"column":8},"end":{"line":163,"column":9}},"loc":{"start":{"line":163,"column":20},"end":{"line":163,"column":55}},"line":163}},"branchMap":{"0":{"loc":{"start":{"line":9,"column":4},"end":{"line":13,"column":5}},"type":"if","locations":[{"start":{"line":9,"column":4},"end":{"line":13,"column":5}},{"start":{},"end":{}}],"line":9},"1":{"loc":{"start":{"line":17,"column":4},"end":{"line":21,"column":5}},"type":"if","locations":[{"start":{"line":17,"column":4},"end":{"line":21,"column":5}},{"start":{},"end":{}}],"line":17},"2":{"loc":{"start":{"line":36,"column":8},"end":{"line":37,"column":62}},"type":"binary-expr","locations":[{"start":{"line":36,"column":8},"end":{"line":36,"column":31}},{"start":{"line":37,"column":8},"end":{"line":37,"column":62}}],"line":36},"3":{"loc":{"start":{"line":40,"column":4},"end":{"line":47,"column":5}},"type":"if","locations":[{"start":{"line":40,"column":4},"end":{"line":47,"column":5}},{"start":{},"end":{}}],"line":40},"4":{"loc":{"start":{"line":68,"column":4},"end":{"line":72,"column":5}},"type":"if","locations":[{"start":{"line":68,"column":4},"end":{"line":72,"column":5}},{"start":{},"end":{}}],"line":68},"5":{"loc":{"start":{"line":80,"column":18},"end":{"line":82,"column":41}},"type":"cond-expr","locations":[{"start":{"line":81,"column":8},"end":{"line":81,"column":10}},{"start":{"line":82,"column":8},"end":{"line":82,"column":41}}],"line":80},"6":{"loc":{"start":{"line":105,"column":4},"end":{"line":109,"column":5}},"type":"if","locations":[{"start":{"line":105,"column":4},"end":{"line":109,"column":5}},{"start":{},"end":{}}],"line":105},"7":{"loc":{"start":{"line":133,"column":4},"end":{"line":137,"column":5}},"type":"if","locations":[{"start":{"line":133,"column":4},"end":{"line":137,"column":5}},{"start":{},"end":{}}],"line":133},"8":{"loc":{"start":{"line":141,"column":4},"end":{"line":145,"column":5}},"type":"if","locations":[{"start":{"line":141,"column":4},"end":{"line":145,"column":5}},{"start":{},"end":{}}],"line":141},"9":{"loc":{"start":{"line":151,"column":8},"end":{"line":152,"column":62}},"type":"binary-expr","locations":[{"start":{"line":151,"column":8},"end":{"line":151,"column":28}},{"start":{"line":152,"column":8},"end":{"line":152,"column":62}}],"line":151},"10":{"loc":{"start":{"line":155,"column":4},"end":{"line":159,"column":5}},"type":"if","locations":[{"start":{"line":155,"column":4},"end":{"line":159,"column":5}},{"start":{},"end":{}}],"line":155},"11":{"loc":{"start":{"line":161,"column":4},"end":{"line":168,"column":5}},"type":"if","locations":[{"start":{"line":161,"column":4},"end":{"line":168,"column":5}},{"start":{},"end":{}}],"line":161}},"s":{"0":4,"1":4,"2":4,"3":4,"4":0,"5":0,"6":0,"7":0,"8":0,"9":0,"10":0,"11":0,"12":0,"13":0,"14":0,"15":0,"16":0,"17":0,"18":0,"19":0,"20":0,"21":0,"22":0,"23":4,"24":0,"25":0,"26":0,"27":0,"28":0,"29":0,"30":0,"31":0,"32":0,"33":0,"34":0,"35":0,"36":0,"37":0,"38":4,"39":0,"40":0,"41":0,"42":0,"43":0,"44":0,"45":0,"46":0,"47":0,"48":0,"49":4,"50":0,"51":0,"52":0,"53":0,"54":0,"55":0,"56":0,"57":0,"58":0,"59":0,"60":0,"61":0,"62":0,"63":0,"64":0,"65":0,"66":0,"67":0,"68":0,"69":0,"70":0},"f":{"0":0,"1":0,"2":0,"3":0,"4":0,"5":0,"6":0,"7":0,"8":0,"9":0},"b":{"0":[0,0],"1":[0,0],"2":[0,0],"3":[0,0],"4":[0,0],"5":[0,0],"6":[0,0],"7":[0,0],"8":[0,0],"9":[0,0],"10":[0,0],"11":[0,0]},"_coverageSchema":"1a1c01bbd47fc00a2c39e90264f33305004495a9","hash":"c07c1521fa649a409fce27b94393adc3f30925a3"}
,"C:\\Users\\emeris\\Documents\\PulseVote\\pulsevote-backend\\controllers\\pollController.js": {"path":"C:\\Users\\emeris\\Documents\\PulseVote\\pulsevote-backend\\controllers\\pollController.js","statementMap":{"0":{"start":{"line":1,"column":13},"end":{"line":1,"column":38}},"1":{"start":{"line":2,"column":21},"end":{"line":2,"column":54}},"2":{"start":{"line":3,"column":13},"end":{"line":3,"column":38}},"3":{"start":{"line":6,"column":2},"end":{"line":10,"column":4}},"4":{"start":{"line":8,"column":6},"end":{"line":9,"column":67}},"5":{"start":{"line":13,"column":0},"end":{"line":64,"column":2}},"6":{"start":{"line":14,"column":2},"end":{"line":63,"column":3}},"7":{"start":{"line":15,"column":31},"end":{"line":15,"column":39}},"8":{"start":{"line":16,"column":21},"end":{"line":16,"column":46}},"9":{"start":{"line":17,"column":20},"end":{"line":19,"column":10}},"10":{"start":{"line":18,"column":41},"end":{"line":18,"column":62}},"11":{"start":{"line":21,"column":4},"end":{"line":23,"column":5}},"12":{"start":{"line":22,"column":6},"end":{"line":22,"column":76}},"13":{"start":{"line":25,"column":4},"end":{"line":29,"column":5}},"14":{"start":{"line":26,"column":6},"end":{"line":28,"column":9}},"15":{"start":{"line":31,"column":4},"end":{"line":38,"column":5}},"16":{"start":{"line":32,"column":38},"end":{"line":32,"column":58}},"17":{"start":{"line":35,"column":6},"end":{"line":37,"column":9}},"18":{"start":{"line":40,"column":16},"end":{"line":40,"column":59}},"19":{"start":{"line":42,"column":4},"end":{"line":46,"column":5}},"20":{"start":{"line":43,"column":6},"end":{"line":45,"column":9}},"21":{"start":{"line":48,"column":17},"end":{"line":53,"column":6}},"22":{"start":{"line":55,"column":4},"end":{"line":58,"column":7}},"23":{"start":{"line":60,"column":4},"end":{"line":62,"column":7}},"24":{"start":{"line":66,"column":0},"end":{"line":129,"column":2}},"25":{"start":{"line":67,"column":2},"end":{"line":128,"column":3}},"26":{"start":{"line":68,"column":23},"end":{"line":68,"column":33}},"27":{"start":{"line":69,"column":28},"end":{"line":69,"column":36}},"28":{"start":{"line":71,"column":17},"end":{"line":71,"column":44}},"29":{"start":{"line":73,"column":4},"end":{"line":77,"column":5}},"30":{"start":{"line":74,"column":6},"end":{"line":76,"column":9}},"31":{"start":{"line":79,"column":4},"end":{"line":83,"column":5}},"32":{"start":{"line":80,"column":6},"end":{"line":82,"column":9}},"33":{"start":{"line":85,"column":17},"end":{"line":85,"column":56}},"34":{"start":{"line":87,"column":4},"end":{"line":91,"column":5}},"35":{"start":{"line":88,"column":6},"end":{"line":90,"column":9}},"36":{"start":{"line":93,"column":4},"end":{"line":101,"column":5}},"37":{"start":{"line":98,"column":6},"end":{"line":100,"column":9}},"38":{"start":{"line":103,"column":25},"end":{"line":105,"column":5}},"39":{"start":{"line":104,"column":16},"end":{"line":104,"column":54}},"40":{"start":{"line":107,"column":4},"end":{"line":111,"column":5}},"41":{"start":{"line":108,"column":6},"end":{"line":110,"column":9}},"42":{"start":{"line":113,"column":4},"end":{"line":116,"column":7}},"43":{"start":{"line":118,"column":4},"end":{"line":118,"column":22}},"44":{"start":{"line":120,"column":4},"end":{"line":123,"column":7}},"45":{"start":{"line":125,"column":4},"end":{"line":127,"column":7}},"46":{"start":{"line":131,"column":0},"end":{"line":209,"column":2}},"47":{"start":{"line":132,"column":2},"end":{"line":208,"column":3}},"48":{"start":{"line":133,"column":23},"end":{"line":133,"column":33}},"49":{"start":{"line":134,"column":17},"end":{"line":134,"column":51}},"50":{"start":{"line":136,"column":4},"end":{"line":140,"column":5}},"51":{"start":{"line":137,"column":6},"end":{"line":139,"column":9}},"52":{"start":{"line":142,"column":17},"end":{"line":142,"column":56}},"53":{"start":{"line":144,"column":20},"end":{"line":146,"column":5}},"54":{"start":{"line":145,"column":16},"end":{"line":145,"column":37}},"55":{"start":{"line":148,"column":21},"end":{"line":152,"column":5}},"56":{"start":{"line":150,"column":8},"end":{"line":151,"column":38}},"57":{"start":{"line":154,"column":4},"end":{"line":158,"column":5}},"58":{"start":{"line":155,"column":6},"end":{"line":157,"column":9}},"59":{"start":{"line":160,"column":19},"end":{"line":160,"column":53}},"60":{"start":{"line":162,"column":4},"end":{"line":170,"column":5}},"61":{"start":{"line":163,"column":6},"end":{"line":169,"column":7}},"62":{"start":{"line":168,"column":8},"end":{"line":168,"column":38}},"63":{"start":{"line":172,"column":23},"end":{"line":175,"column":5}},"64":{"start":{"line":173,"column":22},"end":{"line":173,"column":33}},"65":{"start":{"line":177,"column":24},"end":{"line":181,"column":5}},"66":{"start":{"line":178,"column":6},"end":{"line":180,"column":11}},"67":{"start":{"line":183,"column":21},"end":{"line":185,"column":5}},"68":{"start":{"line":184,"column":16},"end":{"line":184,"column":55}},"69":{"start":{"line":187,"column":4},"end":{"line":203,"column":7}},"70":{"start":{"line":205,"column":4},"end":{"line":207,"column":7}},"71":{"start":{"line":211,"column":0},"end":{"line":241,"column":2}},"72":{"start":{"line":212,"column":2},"end":{"line":240,"column":3}},"73":{"start":{"line":213,"column":31},"end":{"line":213,"column":41}},"74":{"start":{"line":215,"column":17},"end":{"line":215,"column":56}},"75":{"start":{"line":217,"column":20},"end":{"line":219,"column":5}},"76":{"start":{"line":218,"column":16},"end":{"line":218,"column":37}},"77":{"start":{"line":221,"column":21},"end":{"line":224,"column":5}},"78":{"start":{"line":223,"column":8},"end":{"line":223,"column":58}},"79":{"start":{"line":226,"column":4},"end":{"line":230,"column":5}},"80":{"start":{"line":227,"column":6},"end":{"line":229,"column":9}},"81":{"start":{"line":232,"column":18},"end":{"line":233,"column":24}},"82":{"start":{"line":235,"column":4},"end":{"line":235,"column":27}},"83":{"start":{"line":237,"column":4},"end":{"line":239,"column":7}},"84":{"start":{"line":244,"column":2},"end":{"line":283,"column":3}},"85":{"start":{"line":245,"column":17},"end":{"line":245,"column":55}},"86":{"start":{"line":247,"column":4},"end":{"line":251,"column":5}},"87":{"start":{"line":248,"column":6},"end":{"line":250,"column":9}},"88":{"start":{"line":253,"column":17},"end":{"line":253,"column":56}},"89":{"start":{"line":255,"column":20},"end":{"line":257,"column":5}},"90":{"start":{"line":256,"column":16},"end":{"line":256,"column":37}},"91":{"start":{"line":259,"column":22},"end":{"line":263,"column":5}},"92":{"start":{"line":265,"column":4},"end":{"line":269,"column":5}},"93":{"start":{"line":266,"column":6},"end":{"line":268,"column":9}},"94":{"start":{"line":271,"column":4},"end":{"line":271,"column":25}},"95":{"start":{"line":273,"column":4},"end":{"line":273,"column":22}},"96":{"start":{"line":275,"column":4},"end":{"line":278,"column":7}},"97":{"start":{"line":280,"column":4},"end":{"line":282,"column":7}},"98":{"start":{"line":286,"column":0},"end":{"line":287,"column":36}},"99":{"start":{"line":287,"column":2},"end":{"line":287,"column":35}},"100":{"start":{"line":289,"column":0},"end":{"line":290,"column":34}},"101":{"start":{"line":290,"column":2},"end":{"line":290,"column":33}}},"fnMap":{"0":{"name":"hasOrganisationRole","decl":{"start":{"line":5,"column":9},"end":{"line":5,"column":28}},"loc":{"start":{"line":5,"column":61},"end":{"line":11,"column":1}},"line":5},"1":{"name":"(anonymous_1)","decl":{"start":{"line":7,"column":4},"end":{"line":7,"column":5}},"loc":{"start":{"line":8,"column":6},"end":{"line":9,"column":67}},"line":8},"2":{"name":"(anonymous_2)","decl":{"start":{"line":13,"column":21},"end":{"line":13,"column":22}},"loc":{"start":{"line":13,"column":41},"end":{"line":64,"column":1}},"line":13},"3":{"name":"(anonymous_3)","decl":{"start":{"line":18,"column":29},"end":{"line":18,"column":30}},"loc":{"start":{"line":18,"column":41},"end":{"line":18,"column":62}},"line":18},"4":{"name":"(anonymous_4)","decl":{"start":{"line":32,"column":26},"end":{"line":32,"column":27}},"loc":{"start":{"line":32,"column":38},"end":{"line":32,"column":58}},"line":32},"5":{"name":"(anonymous_5)","decl":{"start":{"line":66,"column":19},"end":{"line":66,"column":20}},"loc":{"start":{"line":66,"column":39},"end":{"line":129,"column":1}},"line":66},"6":{"name":"(anonymous_6)","decl":{"start":{"line":104,"column":6},"end":{"line":104,"column":7}},"loc":{"start":{"line":104,"column":16},"end":{"line":104,"column":54}},"line":104},"7":{"name":"(anonymous_7)","decl":{"start":{"line":131,"column":25},"end":{"line":131,"column":26}},"loc":{"start":{"line":131,"column":45},"end":{"line":209,"column":1}},"line":131},"8":{"name":"(anonymous_8)","decl":{"start":{"line":145,"column":6},"end":{"line":145,"column":7}},"loc":{"start":{"line":145,"column":16},"end":{"line":145,"column":37}},"line":145},"9":{"name":"(anonymous_9)","decl":{"start":{"line":149,"column":6},"end":{"line":149,"column":7}},"loc":{"start":{"line":150,"column":8},"end":{"line":151,"column":38}},"line":150},"10":{"name":"(anonymous_10)","decl":{"start":{"line":173,"column":6},"end":{"line":173,"column":7}},"loc":{"start":{"line":173,"column":22},"end":{"line":173,"column":33}},"line":173},"11":{"name":"(anonymous_11)","decl":{"start":{"line":177,"column":35},"end":{"line":177,"column":36}},"loc":{"start":{"line":178,"column":6},"end":{"line":180,"column":11}},"line":178},"12":{"name":"(anonymous_12)","decl":{"start":{"line":184,"column":6},"end":{"line":184,"column":7}},"loc":{"start":{"line":184,"column":16},"end":{"line":184,"column":55}},"line":184},"13":{"name":"(anonymous_13)","decl":{"start":{"line":211,"column":22},"end":{"line":211,"column":23}},"loc":{"start":{"line":211,"column":42},"end":{"line":241,"column":1}},"line":211},"14":{"name":"(anonymous_14)","decl":{"start":{"line":218,"column":6},"end":{"line":218,"column":7}},"loc":{"start":{"line":218,"column":16},"end":{"line":218,"column":37}},"line":218},"15":{"name":"(anonymous_15)","decl":{"start":{"line":222,"column":6},"end":{"line":222,"column":7}},"loc":{"start":{"line":223,"column":8},"end":{"line":223,"column":58}},"line":223},"16":{"name":"setPollStatus","decl":{"start":{"line":243,"column":15},"end":{"line":243,"column":28}},"loc":{"start":{"line":243,"column":47},"end":{"line":284,"column":1}},"line":243},"17":{"name":"(anonymous_17)","decl":{"start":{"line":256,"column":6},"end":{"line":256,"column":7}},"loc":{"start":{"line":256,"column":16},"end":{"line":256,"column":37}},"line":256},"18":{"name":"(anonymous_18)","decl":{"start":{"line":286,"column":20},"end":{"line":286,"column":21}},"loc":{"start":{"line":287,"column":2},"end":{"line":287,"column":35}},"line":287},"19":{"name":"(anonymous_19)","decl":{"start":{"line":289,"column":19},"end":{"line":289,"column":20}},"loc":{"start":{"line":290,"column":2},"end":{"line":290,"column":33}},"line":290}},"branchMap":{"0":{"loc":{"start":{"line":8,"column":6},"end":{"line":9,"column":67}},"type":"binary-expr","locations":[{"start":{"line":8,"column":6},"end":{"line":8,"column":28}},{"start":{"line":9,"column":6},"end":{"line":9,"column":67}}],"line":8},"1":{"loc":{"start":{"line":17,"column":20},"end":{"line":19,"column":10}},"type":"cond-expr","locations":[{"start":{"line":18,"column":8},"end":{"line":18,"column":79}},{"start":{"line":19,"column":8},"end":{"line":19,"column":10}}],"line":17},"2":{"loc":{"start":{"line":21,"column":4},"end":{"line":23,"column":5}},"type":"if","locations":[{"start":{"line":21,"column":4},"end":{"line":23,"column":5}},{"start":{},"end":{}}],"line":21},"3":{"loc":{"start":{"line":25,"column":4},"end":{"line":29,"column":5}},"type":"if","locations":[{"start":{"line":25,"column":4},"end":{"line":29,"column":5}},{"start":{},"end":{}}],"line":25},"4":{"loc":{"start":{"line":31,"column":4},"end":{"line":38,"column":5}},"type":"if","locations":[{"start":{"line":31,"column":4},"end":{"line":38,"column":5}},{"start":{},"end":{}}],"line":31},"5":{"loc":{"start":{"line":42,"column":4},"end":{"line":46,"column":5}},"type":"if","locations":[{"start":{"line":42,"column":4},"end":{"line":46,"column":5}},{"start":{},"end":{}}],"line":42},"6":{"loc":{"start":{"line":73,"column":4},"end":{"line":77,"column":5}},"type":"if","locations":[{"start":{"line":73,"column":4},"end":{"line":77,"column":5}},{"start":{},"end":{}}],"line":73},"7":{"loc":{"start":{"line":79,"column":4},"end":{"line":83,"column":5}},"type":"if","locations":[{"start":{"line":79,"column":4},"end":{"line":83,"column":5}},{"start":{},"end":{}}],"line":79},"8":{"loc":{"start":{"line":87,"column":4},"end":{"line":91,"column":5}},"type":"if","locations":[{"start":{"line":87,"column":4},"end":{"line":91,"column":5}},{"start":{},"end":{}}],"line":87},"9":{"loc":{"start":{"line":93,"column":4},"end":{"line":101,"column":5}},"type":"if","locations":[{"start":{"line":93,"column":4},"end":{"line":101,"column":5}},{"start":{},"end":{}}],"line":93},"10":{"loc":{"start":{"line":94,"column":6},"end":{"line":96,"column":40}},"type":"binary-expr","locations":[{"start":{"line":94,"column":6},"end":{"line":94,"column":36}},{"start":{"line":95,"column":6},"end":{"line":95,"column":21}},{"start":{"line":96,"column":6},"end":{"line":96,"column":40}}],"line":94},"11":{"loc":{"start":{"line":107,"column":4},"end":{"line":111,"column":5}},"type":"if","locations":[{"start":{"line":107,"column":4},"end":{"line":111,"column":5}},{"start":{},"end":{}}],"line":107},"12":{"loc":{"start":{"line":136,"column":4},"end":{"line":140,"column":5}},"type":"if","locations":[{"start":{"line":136,"column":4},"end":{"line":140,"column":5}},{"start":{},"end":{}}],"line":136},"13":{"loc":{"start":{"line":154,"column":4},"end":{"line":158,"column":5}},"type":"if","locations":[{"start":{"line":154,"column":4},"end":{"line":158,"column":5}},{"start":{},"end":{}}],"line":154},"14":{"loc":{"start":{"line":154,"column":8},"end":{"line":154,"column":29}},"type":"binary-expr","locations":[{"start":{"line":154,"column":8},"end":{"line":154,"column":16}},{"start":{"line":154,"column":20},"end":{"line":154,"column":29}}],"line":154},"15":{"loc":{"start":{"line":162,"column":23},"end":{"line":162,"column":39}},"type":"binary-expr","locations":[{"start":{"line":162,"column":23},"end":{"line":162,"column":33}},{"start":{"line":162,"column":37},"end":{"line":162,"column":39}}],"line":162},"16":{"loc":{"start":{"line":163,"column":6},"end":{"line":169,"column":7}},"type":"if","locations":[{"start":{"line":163,"column":6},"end":{"line":169,"column":7}},{"start":{},"end":{}}],"line":163},"17":{"loc":{"start":{"line":164,"column":8},"end":{"line":166,"column":40}},"type":"binary-expr","locations":[{"start":{"line":164,"column":8},"end":{"line":164,"column":42}},{"start":{"line":165,"column":8},"end":{"line":165,"column":29}},{"start":{"line":166,"column":8},"end":{"line":166,"column":40}}],"line":164},"18":{"loc":{"start":{"line":178,"column":6},"end":{"line":180,"column":11}},"type":"cond-expr","locations":[{"start":{"line":179,"column":10},"end":{"line":179,"column":57}},{"start":{"line":180,"column":10},"end":{"line":180,"column":11}}],"line":178},"19":{"loc":{"start":{"line":199,"column":23},"end":{"line":201,"column":16}},"type":"cond-expr","locations":[{"start":{"line":200,"column":12},"end":{"line":200,"column":32}},{"start":{"line":201,"column":12},"end":{"line":201,"column":16}}],"line":199},"20":{"loc":{"start":{"line":226,"column":4},"end":{"line":230,"column":5}},"type":"if","locations":[{"start":{"line":226,"column":4},"end":{"line":230,"column":5}},{"start":{},"end":{}}],"line":226},"21":{"loc":{"start":{"line":226,"column":8},"end":{"line":226,"column":29}},"type":"binary-expr","locations":[{"start":{"line":226,"column":8},"end":{"line":226,"column":16}},{"start":{"line":226,"column":20},"end":{"line":226,"column":29}}],"line":226},"22":{"loc":{"start":{"line":247,"column":4},"end":{"line":251,"column":5}},"type":"if","locations":[{"start":{"line":247,"column":4},"end":{"line":251,"column":5}},{"start":{},"end":{}}],"line":247},"23":{"loc":{"start":{"line":265,"column":4},"end":{"line":269,"column":5}},"type":"if","locations":[{"start":{"line":265,"column":4},"end":{"line":269,"column":5}},{"start":{},"end":{}}],"line":265},"24":{"loc":{"start":{"line":265,"column":8},"end":{"line":265,"column":30}},"type":"binary-expr","locations":[{"start":{"line":265,"column":8},"end":{"line":265,"column":16}},{"start":{"line":265,"column":20},"end":{"line":265,"column":30}}],"line":265}},"s":{"0":4,"1":4,"2":4,"3":0,"4":0,"5":4,"6":0,"7":0,"8":0,"9":0,"10":0,"11":0,"12":0,"13":0,"14":0,"15":0,"16":0,"17":0,"18":0,"19":0,"20":0,"21":0,"22":0,"23":0,"24":4,"25":0,"26":0,"27":0,"28":0,"29":0,"30":0,"31":0,"32":0,"33":0,"34":0,"35":0,"36":0,"37":0,"38":0,"39":0,"40":0,"41":0,"42":0,"43":0,"44":0,"45":0,"46":4,"47":0,"48":0,"49":0,"50":0,"51":0,"52":0,"53":0,"54":0,"55":0,"56":0,"57":0,"58":0,"59":0,"60":0,"61":0,"62":0,"63":0,"64":0,"65":0,"66":0,"67":0,"68":0,"69":0,"70":0,"71":4,"72":0,"73":0,"74":0,"75":0,"76":0,"77":0,"78":0,"79":0,"80":0,"81":0,"82":0,"83":0,"84":0,"85":0,"86":0,"87":0,"88":0,"89":0,"90":0,"91":0,"92":0,"93":0,"94":0,"95":0,"96":0,"97":0,"98":4,"99":0,"100":4,"101":0},"f":{"0":0,"1":0,"2":0,"3":0,"4":0,"5":0,"6":0,"7":0,"8":0,"9":0,"10":0,"11":0,"12":0,"13":0,"14":0,"15":0,"16":0,"17":0,"18":0,"19":0},"b":{"0":[0,0],"1":[0,0],"2":[0,0],"3":[0,0],"4":[0,0],"5":[0,0],"6":[0,0],"7":[0,0],"8":[0,0],"9":[0,0],"10":[0,0,0],"11":[0,0],"12":[0,0],"13":[0,0],"14":[0,0],"15":[0,0],"16":[0,0],"17":[0,0,0],"18":[0,0],"19":[0,0],"20":[0,0],"21":[0,0],"22":[0,0],"23":[0,0],"24":[0,0]},"_coverageSchema":"1a1c01bbd47fc00a2c39e90264f33305004495a9","hash":"86c781ef41ff4869dce18cd5036417f98aee5411"}
,"C:\\Users\\emeris\\Documents\\PulseVote\\pulsevote-backend\\middleware\\authMiddleware.js": {"path":"C:\\Users\\emeris\\Documents\\PulseVote\\pulsevote-backend\\middleware\\authMiddleware.js","statementMap":{"0":{"start":{"line":1,"column":12},"end":{"line":1,"column":35}},"1":{"start":{"line":3,"column":16},"end":{"line":33,"column":1}},"2":{"start":{"line":5,"column":21},"end":{"line":5,"column":46}},"3":{"start":{"line":7,"column":2},"end":{"line":10,"column":7}},"4":{"start":{"line":8,"column":4},"end":{"line":10,"column":7}},"5":{"start":{"line":12,"column":16},"end":{"line":12,"column":40}},"6":{"start":{"line":14,"column":2},"end":{"line":31,"column":3}},"7":{"start":{"line":16,"column":20},"end":{"line":19,"column":5}},"8":{"start":{"line":21,"column":4},"end":{"line":21,"column":23}},"9":{"start":{"line":23,"column":4},"end":{"line":23,"column":11}},"10":{"start":{"line":27,"column":4},"end":{"line":29,"column":7}},"11":{"start":{"line":35,"column":0},"end":{"line":35,"column":29}}},"fnMap":{"0":{"name":"(anonymous_0)","decl":{"start":{"line":3,"column":16},"end":{"line":3,"column":17}},"loc":{"start":{"line":3,"column":36},"end":{"line":33,"column":1}},"line":3}},"branchMap":{"0":{"loc":{"start":{"line":7,"column":2},"end":{"line":10,"column":7}},"type":"if","locations":[{"start":{"line":7,"column":2},"end":{"line":10,"column":7}},{"start":{},"end":{}}],"line":7},"1":{"loc":{"start":{"line":7,"column":6},"end":{"line":7,"column":54}},"type":"binary-expr","locations":[{"start":{"line":7,"column":6},"end":{"line":7,"column":17}},{"start":{"line":7,"column":21},"end":{"line":7,"column":54}}],"line":7}},"s":{"0":4,"1":4,"2":6,"3":6,"4":5,"5":1,"6":1,"7":1,"8":0,"9":0,"10":1,"11":4},"f":{"0":6},"b":{"0":[5,1],"1":[6,2]},"_coverageSchema":"1a1c01bbd47fc00a2c39e90264f33305004495a9","hash":"05f8bbd58f51a5304b7f864ea5feda7a08700588"}
,"C:\\Users\\emeris\\Documents\\PulseVote\\pulsevote-backend\\middleware\\rateLimiter.js": {"path":"C:\\Users\\emeris\\Documents\\PulseVote\\pulsevote-backend\\middleware\\rateLimiter.js","statementMap":{"0":{"start":{"line":1,"column":38},"end":{"line":1,"column":67}},"1":{"start":{"line":3,"column":16},"end":{"line":10,"column":1}},"2":{"start":{"line":4,"column":2},"end":{"line":9,"column":4}},"3":{"start":{"line":12,"column":24},"end":{"line":24,"column":2}},"4":{"start":{"line":20,"column":4},"end":{"line":22,"column":7}},"5":{"start":{"line":26,"column":21},"end":{"line":44,"column":2}},"6":{"start":{"line":34,"column":18},"end":{"line":34,"column":39}},"7":{"start":{"line":36,"column":4},"end":{"line":36,"column":38}},"8":{"start":{"line":40,"column":4},"end":{"line":42,"column":7}},"9":{"start":{"line":46,"column":0},"end":{"line":49,"column":2}}},"fnMap":{"0":{"name":"(anonymous_0)","decl":{"start":{"line":3,"column":16},"end":{"line":3,"column":17}},"loc":{"start":{"line":3,"column":25},"end":{"line":10,"column":1}},"line":3},"1":{"name":"(anonymous_1)","decl":{"start":{"line":19,"column":11},"end":{"line":19,"column":12}},"loc":{"start":{"line":19,"column":25},"end":{"line":23,"column":3}},"line":19},"2":{"name":"(anonymous_2)","decl":{"start":{"line":33,"column":16},"end":{"line":33,"column":17}},"loc":{"start":{"line":33,"column":25},"end":{"line":37,"column":3}},"line":33},"3":{"name":"(anonymous_3)","decl":{"start":{"line":39,"column":11},"end":{"line":39,"column":12}},"loc":{"start":{"line":39,"column":25},"end":{"line":43,"column":3}},"line":39}},"branchMap":{"0":{"loc":{"start":{"line":5,"column":4},"end":{"line":8,"column":13}},"type":"binary-expr","locations":[{"start":{"line":5,"column":4},"end":{"line":5,"column":10}},{"start":{"line":6,"column":4},"end":{"line":6,"column":57}},{"start":{"line":7,"column":4},"end":{"line":7,"column":33}},{"start":{"line":8,"column":4},"end":{"line":8,"column":13}}],"line":5},"1":{"loc":{"start":{"line":34,"column":18},"end":{"line":34,"column":39}},"type":"binary-expr","locations":[{"start":{"line":34,"column":18},"end":{"line":34,"column":33}},{"start":{"line":34,"column":37},"end":{"line":34,"column":39}}],"line":34}},"s":{"0":4,"1":4,"2":8,"3":4,"4":0,"5":4,"6":4,"7":4,"8":0,"9":4},"f":{"0":8,"1":0,"2":4,"3":0},"b":{"0":[8,0,0,0],"1":[4,0]},"_coverageSchema":"1a1c01bbd47fc00a2c39e90264f33305004495a9","hash":"c127f6e6a0aa4f03f031e82cbbe1e4ae3227e48e"}
,"C:\\Users\\emeris\\Documents\\PulseVote\\pulsevote-backend\\middleware\\roleMiddleware.js": {"path":"C:\\Users\\emeris\\Documents\\PulseVote\\pulsevote-backend\\middleware\\roleMiddleware.js","statementMap":{"0":{"start":{"line":1,"column":13},"end":{"line":1,"column":38}},"1":{"start":{"line":3,"column":20},"end":{"line":52,"column":1}},"2":{"start":{"line":4,"column":2},"end":{"line":51,"column":4}},"3":{"start":{"line":5,"column":4},"end":{"line":50,"column":5}},"4":{"start":{"line":6,"column":19},"end":{"line":6,"column":51}},"5":{"start":{"line":8,"column":6},"end":{"line":12,"column":7}},"6":{"start":{"line":9,"column":8},"end":{"line":11,"column":11}},"7":{"start":{"line":14,"column":6},"end":{"line":24,"column":7}},"8":{"start":{"line":15,"column":24},"end":{"line":15,"column":64}},"9":{"start":{"line":15,"column":45},"end":{"line":15,"column":63}},"10":{"start":{"line":17,"column":8},"end":{"line":21,"column":9}},"11":{"start":{"line":18,"column":10},"end":{"line":20,"column":13}},"12":{"start":{"line":23,"column":8},"end":{"line":23,"column":22}},"13":{"start":{"line":27,"column":2},"end":{"line":28,"column":26}},"14":{"start":{"line":30,"column":22},"end":{"line":34,"column":7}},"15":{"start":{"line":31,"column":8},"end":{"line":33,"column":49}},"16":{"start":{"line":36,"column":6},"end":{"line":40,"column":7}},"17":{"start":{"line":36,"column":44},"end":{"line":36,"column":62}},"18":{"start":{"line":37,"column":8},"end":{"line":39,"column":11}},"19":{"start":{"line":42,"column":6},"end":{"line":42,"column":13}},"20":{"start":{"line":45,"column":6},"end":{"line":45,"column":25}},"21":{"start":{"line":47,"column":6},"end":{"line":49,"column":9}},"22":{"start":{"line":54,"column":0},"end":{"line":54,"column":33}}},"fnMap":{"0":{"name":"(anonymous_0)","decl":{"start":{"line":3,"column":20},"end":{"line":3,"column":21}},"loc":{"start":{"line":3,"column":30},"end":{"line":52,"column":1}},"line":3},"1":{"name":"(anonymous_1)","decl":{"start":{"line":4,"column":9},"end":{"line":4,"column":10}},"loc":{"start":{"line":4,"column":35},"end":{"line":51,"column":3}},"line":4},"2":{"name":"(anonymous_2)","decl":{"start":{"line":15,"column":40},"end":{"line":15,"column":41}},"loc":{"start":{"line":15,"column":45},"end":{"line":15,"column":63}},"line":15},"3":{"name":"(anonymous_3)","decl":{"start":{"line":30,"column":38},"end":{"line":30,"column":39}},"loc":{"start":{"line":31,"column":8},"end":{"line":33,"column":49}},"line":31},"4":{"name":"(anonymous_4)","decl":{"start":{"line":36,"column":39},"end":{"line":36,"column":40}},"loc":{"start":{"line":36,"column":44},"end":{"line":36,"column":62}},"line":36}},"branchMap":{"0":{"loc":{"start":{"line":8,"column":6},"end":{"line":12,"column":7}},"type":"if","locations":[{"start":{"line":8,"column":6},"end":{"line":12,"column":7}},{"start":{},"end":{}}],"line":8},"1":{"loc":{"start":{"line":14,"column":6},"end":{"line":24,"column":7}},"type":"if","locations":[{"start":{"line":14,"column":6},"end":{"line":24,"column":7}},{"start":{},"end":{}}],"line":14},"2":{"loc":{"start":{"line":17,"column":8},"end":{"line":21,"column":9}},"type":"if","locations":[{"start":{"line":17,"column":8},"end":{"line":21,"column":9}},{"start":{},"end":{}}],"line":17},"3":{"loc":{"start":{"line":27,"column":2},"end":{"line":28,"column":26}},"type":"binary-expr","locations":[{"start":{"line":27,"column":2},"end":{"line":27,"column":27}},{"start":{"line":28,"column":2},"end":{"line":28,"column":26}}],"line":27},"4":{"loc":{"start":{"line":31,"column":8},"end":{"line":33,"column":49}},"type":"binary-expr","locations":[{"start":{"line":31,"column":8},"end":{"line":31,"column":23}},{"start":{"line":32,"column":9},"end":{"line":32,"column":15}},{"start":{"line":33,"column":10},"end":{"line":33,"column":48}}],"line":31},"5":{"loc":{"start":{"line":36,"column":6},"end":{"line":40,"column":7}},"type":"if","locations":[{"start":{"line":36,"column":6},"end":{"line":40,"column":7}},{"start":{},"end":{}}],"line":36},"6":{"loc":{"start":{"line":36,"column":10},"end":{"line":36,"column":63}},"type":"binary-expr","locations":[{"start":{"line":36,"column":10},"end":{"line":36,"column":18}},{"start":{"line":36,"column":22},"end":{"line":36,"column":63}}],"line":36}},"s":{"0":4,"1":4,"2":20,"3":0,"4":0,"5":0,"6":0,"7":0,"8":0,"9":0,"10":0,"11":0,"12":0,"13":0,"14":0,"15":0,"16":0,"17":0,"18":0,"19":0,"20":0,"21":0,"22":4},"f":{"0":20,"1":0,"2":0,"3":0,"4":0},"b":{"0":[0,0],"1":[0,0],"2":[0,0],"3":[0,0],"4":[0,0,0],"5":[0,0],"6":[0,0]},"_coverageSchema":"1a1c01bbd47fc00a2c39e90264f33305004495a9","hash":"073d49cf44ada2b49e5f0ed92a2d3abb5c259d26"}
,"C:\\Users\\emeris\\Documents\\PulseVote\\pulsevote-backend\\models\\Organisation.js": {"path":"C:\\Users\\emeris\\Documents\\PulseVote\\pulsevote-backend\\models\\Organisation.js","statementMap":{"0":{"start":{"line":1,"column":17},"end":{"line":1,"column":36}},"1":{"start":{"line":2,"column":15},"end":{"line":2,"column":32}},"2":{"start":{"line":4,"column":27},"end":{"line":23,"column":2}},"3":{"start":{"line":25,"column":0},"end":{"line":28,"column":2}},"4":{"start":{"line":26,"column":2},"end":{"line":26,"column":56}},"5":{"start":{"line":27,"column":2},"end":{"line":27,"column":23}},"6":{"start":{"line":30,"column":0},"end":{"line":30,"column":68}}},"fnMap":{"0":{"name":"(anonymous_0)","decl":{"start":{"line":25,"column":46},"end":{"line":25,"column":47}},"loc":{"start":{"line":25,"column":58},"end":{"line":28,"column":1}},"line":25}},"branchMap":{},"s":{"0":4,"1":4,"2":4,"3":4,"4":0,"5":0,"6":4},"f":{"0":0},"b":{},"_coverageSchema":"1a1c01bbd47fc00a2c39e90264f33305004495a9","hash":"58346c3a13f014c1fd043f8d9da5e9016c154e9d"}
,"C:\\Users\\emeris\\Documents\\PulseVote\\pulsevote-backend\\models\\Poll.js": {"path":"C:\\Users\\emeris\\Documents\\PulseVote\\pulsevote-backend\\models\\Poll.js","statementMap":{"0":{"start":{"line":1,"column":17},"end":{"line":1,"column":36}},"1":{"start":{"line":3,"column":19},"end":{"line":13,"column":18}},"2":{"start":{"line":15,"column":19},"end":{"line":40,"column":2}},"3":{"start":{"line":42,"column":0},"end":{"line":42,"column":40}},"4":{"start":{"line":44,"column":0},"end":{"line":44,"column":52}}},"fnMap":{},"branchMap":{},"s":{"0":4,"1":4,"2":4,"3":4,"4":4},"f":{},"b":{},"_coverageSchema":"1a1c01bbd47fc00a2c39e90264f33305004495a9","hash":"8021b25900d652d4c8537fd587d05b328c3c1a3b"}
,"C:\\Users\\emeris\\Documents\\PulseVote\\pulsevote-backend\\models\\User.js": {"path":"C:\\Users\\emeris\\Documents\\PulseVote\\pulsevote-backend\\models\\User.js","statementMap":{"0":{"start":{"line":1,"column":17},"end":{"line":1,"column":36}},"1":{"start":{"line":2,"column":15},"end":{"line":2,"column":32}},"2":{"start":{"line":4,"column":19},"end":{"line":14,"column":18}},"3":{"start":{"line":16,"column":19},"end":{"line":27,"column":2}},"4":{"start":{"line":29,"column":0},"end":{"line":34,"column":3}},"5":{"start":{"line":30,"column":2},"end":{"line":30,"column":43}},"6":{"start":{"line":30,"column":36},"end":{"line":30,"column":43}},"7":{"start":{"line":32,"column":15},"end":{"line":32,"column":39}},"8":{"start":{"line":33,"column":2},"end":{"line":33,"column":57}},"9":{"start":{"line":36,"column":0},"end":{"line":38,"column":2}},"10":{"start":{"line":37,"column":2},"end":{"line":37,"column":58}},"11":{"start":{"line":40,"column":0},"end":{"line":40,"column":52}}},"fnMap":{"0":{"name":"(anonymous_0)","decl":{"start":{"line":29,"column":23},"end":{"line":29,"column":24}},"loc":{"start":{"line":29,"column":41},"end":{"line":34,"column":1}},"line":29},"1":{"name":"(anonymous_1)","decl":{"start":{"line":36,"column":37},"end":{"line":36,"column":38}},"loc":{"start":{"line":36,"column":66},"end":{"line":38,"column":1}},"line":36}},"branchMap":{"0":{"loc":{"start":{"line":30,"column":2},"end":{"line":30,"column":43}},"type":"if","locations":[{"start":{"line":30,"column":2},"end":{"line":30,"column":43}},{"start":{},"end":{}}],"line":30}},"s":{"0":4,"1":4,"2":4,"3":4,"4":4,"5":1,"6":0,"7":1,"8":1,"9":4,"10":2,"11":4},"f":{"0":1,"1":2},"b":{"0":[0,1]},"_coverageSchema":"1a1c01bbd47fc00a2c39e90264f33305004495a9","hash":"8ce27e099e4cdfaa83eea7bbf680500e2f0c4c2a"}
,"C:\\Users\\emeris\\Documents\\PulseVote\\pulsevote-backend\\routes\\authRoutes.js": {"path":"C:\\Users\\emeris\\Documents\\PulseVote\\pulsevote-backend\\routes\\authRoutes.js","statementMap":{"0":{"start":{"line":1,"column":16},"end":{"line":1,"column":34}},"1":{"start":{"line":2,"column":17},"end":{"line":2,"column":45}},"2":{"start":{"line":9,"column":4},"end":{"line":9,"column":44}},"3":{"start":{"line":14,"column":4},"end":{"line":14,"column":40}},"4":{"start":{"line":16,"column":20},"end":{"line":16,"column":59}},"5":{"start":{"line":17,"column":24},"end":{"line":17,"column":63}},"6":{"start":{"line":19,"column":15},"end":{"line":19,"column":31}},"7":{"start":{"line":21,"column":23},"end":{"line":24,"column":19}},"8":{"start":{"line":26,"column":26},"end":{"line":34,"column":11}},"9":{"start":{"line":36,"column":0},"end":{"line":41,"column":2}},"10":{"start":{"line":43,"column":0},"end":{"line":50,"column":2}},"11":{"start":{"line":52,"column":0},"end":{"line":57,"column":2}},"12":{"start":{"line":59,"column":0},"end":{"line":67,"column":2}},"13":{"start":{"line":69,"column":0},"end":{"line":69,"column":24}}},"fnMap":{},"branchMap":{},"s":{"0":4,"1":4,"2":4,"3":4,"4":4,"5":4,"6":4,"7":4,"8":4,"9":4,"10":4,"11":4,"12":4,"13":4},"f":{},"b":{},"_coverageSchema":"1a1c01bbd47fc00a2c39e90264f33305004495a9","hash":"f097345aea5950f14fee3463cf5492d5fa822c2d"}
,"C:\\Users\\emeris\\Documents\\PulseVote\\pulsevote-backend\\routes\\organisationRoutes.js": {"path":"C:\\Users\\emeris\\Documents\\PulseVote\\pulsevote-backend\\routes\\organisationRoutes.js","statementMap":{"0":{"start":{"line":1,"column":16},"end":{"line":1,"column":34}},"1":{"start":{"line":3,"column":20},"end":{"line":3,"column":59}},"2":{"start":{"line":4,"column":24},"end":{"line":4,"column":63}},"3":{"start":{"line":11,"column":4},"end":{"line":11,"column":52}},"4":{"start":{"line":13,"column":15},"end":{"line":13,"column":31}},"5":{"start":{"line":15,"column":0},"end":{"line":19,"column":2}},"6":{"start":{"line":21,"column":0},"end":{"line":26,"column":2}},"7":{"start":{"line":28,"column":0},"end":{"line":33,"column":2}},"8":{"start":{"line":35,"column":0},"end":{"line":39,"column":2}},"9":{"start":{"line":41,"column":0},"end":{"line":41,"column":24}}},"fnMap":{},"branchMap":{},"s":{"0":4,"1":4,"2":4,"3":4,"4":4,"5":4,"6":4,"7":4,"8":4,"9":4},"f":{},"b":{},"_coverageSchema":"1a1c01bbd47fc00a2c39e90264f33305004495a9","hash":"22165629deb82fd2e1f03685db56f1cb293aa85e"}
,"C:\\Users\\emeris\\Documents\\PulseVote\\pulsevote-backend\\routes\\pollRoutes.js": {"path":"C:\\Users\\emeris\\Documents\\PulseVote\\pulsevote-backend\\routes\\pollRoutes.js","statementMap":{"0":{"start":{"line":1,"column":16},"end":{"line":1,"column":34}},"1":{"start":{"line":3,"column":20},"end":{"line":3,"column":59}},"2":{"start":{"line":4,"column":24},"end":{"line":4,"column":63}},"3":{"start":{"line":13,"column":4},"end":{"line":13,"column":44}},"4":{"start":{"line":15,"column":15},"end":{"line":15,"column":31}},"5":{"start":{"line":18,"column":0},"end":{"line":23,"column":2}},"6":{"start":{"line":26,"column":0},"end":{"line":31,"column":2}},"7":{"start":{"line":34,"column":0},"end":{"line":38,"column":2}},"8":{"start":{"line":41,"column":0},"end":{"line":45,"column":2}},"9":{"start":{"line":48,"column":0},"end":{"line":52,"column":2}},"10":{"start":{"line":55,"column":0},"end":{"line":59,"column":2}},"11":{"start":{"line":61,"column":0},"end":{"line":61,"column":24}}},"fnMap":{},"branchMap":{},"s":{"0":4,"1":4,"2":4,"3":4,"4":4,"5":4,"6":4,"7":4,"8":4,"9":4,"10":4,"11":4},"f":{},"b":{},"_coverageSchema":"1a1c01bbd47fc00a2c39e90264f33305004495a9","hash":"9eb53ff0ddd0519b119c2f86e66fd1c3d667e73f"}
,"C:\\Users\\emeris\\Documents\\PulseVote\\pulsevote-backend\\utils\\generateToken.js": {"path":"C:\\Users\\emeris\\Documents\\PulseVote\\pulsevote-backend\\utils\\generateToken.js","statementMap":{"0":{"start":{"line":1,"column":12},"end":{"line":1,"column":35}},"1":{"start":{"line":4,"column":2},"end":{"line":14,"column":4}},"2":{"start":{"line":17,"column":0},"end":{"line":17,"column":31}}},"fnMap":{"0":{"name":"generateToken","decl":{"start":{"line":3,"column":9},"end":{"line":3,"column":22}},"loc":{"start":{"line":3,"column":29},"end":{"line":15,"column":1}},"line":3}},"branchMap":{},"s":{"0":4,"1":2,"2":4},"f":{"0":2},"b":{},"_coverageSchema":"1a1c01bbd47fc00a2c39e90264f33305004495a9","hash":"39fe9f93fd40c128213f843d5c637eab09bb1eef"}
}
