TN:
SF:app.js
FN:57,(anonymous_0)
FN:61,(anonymous_1)
FN:70,(anonymous_2)
FN:77,(anonymous_3)
FNF:4
FNH:1
FNDA:0,(anonymous_0)
FNDA:0,(anonymous_1)
FNDA:0,(anonymous_2)
FNDA:1,(anonymous_3)
DA:1,4
DA:2,4
DA:3,4
DA:4,4
DA:6,4
DA:7,4
DA:9,4
DA:10,4
DA:12,4
DA:14,4
DA:16,4
DA:18,4
DA:44,4
DA:49,4
DA:51,4
DA:53,4
DA:54,4
DA:55,4
DA:57,4
DA:58,0
DA:61,4
DA:62,0
DA:70,4
DA:71,0
DA:77,4
DA:78,1
DA:84,4
LF:27
LH:24
BRF:0
BRH:0
end_of_record
TN:
SF:controllers\authController.js
FN:6,(anonymous_0)
FN:53,(anonymous_1)
FN:68,(anonymous_2)
FN:111,(anonymous_3)
FN:169,(anonymous_4)
FNF:5
FNH:2
FNDA:4,(anonymous_0)
FNDA:0,(anonymous_1)
FNDA:0,(anonymous_2)
FNDA:0,(anonymous_3)
FNDA:4,(anonymous_4)
DA:1,4
DA:2,4
DA:3,4
DA:6,4
DA:7,4
DA:9,4
DA:10,2
DA:16,2
DA:18,2
DA:19,2
DA:21,2
DA:22,1
DA:27,1
DA:38,1
DA:44,0
DA:46,0
DA:53,4
DA:54,0
DA:56,0
DA:57,0
DA:63,0
DA:64,0
DA:66,0
DA:68,0
DA:70,0
DA:75,0
DA:77,0
DA:79,0
DA:80,0
DA:85,0
DA:96,0
DA:102,0
DA:104,0
DA:111,4
DA:112,0
DA:114,0
DA:115,0
DA:121,0
DA:122,0
DA:124,0
DA:129,0
DA:130,0
DA:135,0
DA:137,0
DA:138,0
DA:143,0
DA:154,0
DA:160,0
DA:162,0
DA:169,4
DA:170,4
DA:172,4
DA:173,2
DA:179,2
DA:181,2
DA:182,2
DA:184,2
DA:185,1
DA:190,1
DA:195,0
DA:197,0
LF:61
LH:26
BRDA:9,0,0,2
BRDA:9,0,1,2
BRDA:21,1,0,1
BRDA:21,1,1,1
BRDA:56,2,0,0
BRDA:56,2,1,0
BRDA:66,3,0,0
BRDA:66,3,1,0
BRDA:67,4,0,0
BRDA:67,4,1,0
BRDA:79,5,0,0
BRDA:79,5,1,0
BRDA:114,6,0,0
BRDA:114,6,1,0
BRDA:129,7,0,0
BRDA:129,7,1,0
BRDA:137,8,0,0
BRDA:137,8,1,0
BRDA:172,9,0,2
BRDA:172,9,1,2
BRDA:184,10,0,1
BRDA:184,10,1,1
BRDA:184,11,0,2
BRDA:184,11,1,2
BRF:24
BRH:10
end_of_record
TN:
SF:controllers\organisationController.js
FN:5,(anonymous_0)
FN:35,(anonymous_1)
FN:64,(anonymous_2)
FN:74,(anonymous_3)
FN:77,(anonymous_4)
FN:78,(anonymous_5)
FN:99,(anonymous_6)
FN:129,(anonymous_7)
FN:150,(anonymous_8)
FN:163,(anonymous_9)
FNF:10
FNH:0
FNDA:0,(anonymous_0)
FNDA:0,(anonymous_1)
FNDA:0,(anonymous_2)
FNDA:0,(anonymous_3)
FNDA:0,(anonymous_4)
FNDA:0,(anonymous_5)
FNDA:0,(anonymous_6)
FNDA:0,(anonymous_7)
FNDA:0,(anonymous_8)
FNDA:0,(anonymous_9)
DA:1,4
DA:2,4
DA:3,4
DA:5,4
DA:6,0
DA:7,0
DA:9,0
DA:10,0
DA:15,0
DA:17,0
DA:18,0
DA:23,0
DA:29,0
DA:30,0
DA:32,0
DA:34,0
DA:36,0
DA:40,0
DA:41,0
DA:46,0
DA:49,0
DA:56,0
DA:58,0
DA:64,4
DA:65,0
DA:66,0
DA:68,0
DA:69,0
DA:74,0
DA:76,0
DA:77,0
DA:78,0
DA:80,0
DA:84,0
DA:88,0
DA:91,0
DA:93,0
DA:99,4
DA:100,0
DA:101,0
DA:103,0
DA:105,0
DA:106,0
DA:111,0
DA:113,0
DA:115,0
DA:121,0
DA:123,0
DA:129,4
DA:130,0
DA:131,0
DA:133,0
DA:134,0
DA:139,0
DA:141,0
DA:142,0
DA:147,0
DA:149,0
DA:151,0
DA:155,0
DA:156,0
DA:161,0
DA:163,0
DA:166,0
DA:167,0
DA:170,0
DA:175,0
DA:177,0
DA:184,0
DA:186,0
LF:70
LH:7
BRDA:9,0,0,0
BRDA:9,0,1,0
BRDA:17,1,0,0
BRDA:17,1,1,0
BRDA:36,2,0,0
BRDA:36,2,1,0
BRDA:40,3,0,0
BRDA:40,3,1,0
BRDA:68,4,0,0
BRDA:68,4,1,0
BRDA:80,5,0,0
BRDA:80,5,1,0
BRDA:105,6,0,0
BRDA:105,6,1,0
BRDA:133,7,0,0
BRDA:133,7,1,0
BRDA:141,8,0,0
BRDA:141,8,1,0
BRDA:151,9,0,0
BRDA:151,9,1,0
BRDA:155,10,0,0
BRDA:155,10,1,0
BRDA:161,11,0,0
BRDA:161,11,1,0
BRF:24
BRH:0
end_of_record
TN:
SF:controllers\pollController.js
FN:5,hasOrganisationRole
FN:7,(anonymous_1)
FN:13,(anonymous_2)
FN:18,(anonymous_3)
FN:32,(anonymous_4)
FN:66,(anonymous_5)
FN:104,(anonymous_6)
FN:131,(anonymous_7)
FN:145,(anonymous_8)
FN:149,(anonymous_9)
FN:173,(anonymous_10)
FN:177,(anonymous_11)
FN:184,(anonymous_12)
FN:211,(anonymous_13)
FN:218,(anonymous_14)
FN:222,(anonymous_15)
FN:243,setPollStatus
FN:256,(anonymous_17)
FN:286,(anonymous_18)
FN:289,(anonymous_19)
FNF:20
FNH:0
FNDA:0,hasOrganisationRole
FNDA:0,(anonymous_1)
FNDA:0,(anonymous_2)
FNDA:0,(anonymous_3)
FNDA:0,(anonymous_4)
FNDA:0,(anonymous_5)
FNDA:0,(anonymous_6)
FNDA:0,(anonymous_7)
FNDA:0,(anonymous_8)
FNDA:0,(anonymous_9)
FNDA:0,(anonymous_10)
FNDA:0,(anonymous_11)
FNDA:0,(anonymous_12)
FNDA:0,(anonymous_13)
FNDA:0,(anonymous_14)
FNDA:0,(anonymous_15)
FNDA:0,setPollStatus
FNDA:0,(anonymous_17)
FNDA:0,(anonymous_18)
FNDA:0,(anonymous_19)
DA:1,4
DA:2,4
DA:3,4
DA:6,0
DA:8,0
DA:13,4
DA:14,0
DA:15,0
DA:16,0
DA:17,0
DA:18,0
DA:21,0
DA:22,0
DA:25,0
DA:26,0
DA:31,0
DA:32,0
DA:35,0
DA:40,0
DA:42,0
DA:43,0
DA:48,0
DA:55,0
DA:60,0
DA:66,4
DA:67,0
DA:68,0
DA:69,0
DA:71,0
DA:73,0
DA:74,0
DA:79,0
DA:80,0
DA:85,0
DA:87,0
DA:88,0
DA:93,0
DA:98,0
DA:103,0
DA:104,0
DA:107,0
DA:108,0
DA:113,0
DA:118,0
DA:120,0
DA:125,0
DA:131,4
DA:132,0
DA:133,0
DA:134,0
DA:136,0
DA:137,0
DA:142,0
DA:144,0
DA:145,0
DA:148,0
DA:150,0
DA:154,0
DA:155,0
DA:160,0
DA:162,0
DA:163,0
DA:168,0
DA:172,0
DA:173,0
DA:177,0
DA:178,0
DA:183,0
DA:184,0
DA:187,0
DA:205,0
DA:211,4
DA:212,0
DA:213,0
DA:215,0
DA:217,0
DA:218,0
DA:221,0
DA:223,0
DA:226,0
DA:227,0
DA:232,0
DA:235,0
DA:237,0
DA:244,0
DA:245,0
DA:247,0
DA:248,0
DA:253,0
DA:255,0
DA:256,0
DA:259,0
DA:265,0
DA:266,0
DA:271,0
DA:273,0
DA:275,0
DA:280,0
DA:286,4
DA:287,0
DA:289,4
DA:290,0
LF:102
LH:9
BRDA:8,0,0,0
BRDA:8,0,1,0
BRDA:17,1,0,0
BRDA:17,1,1,0
BRDA:21,2,0,0
BRDA:21,2,1,0
BRDA:25,3,0,0
BRDA:25,3,1,0
BRDA:31,4,0,0
BRDA:31,4,1,0
BRDA:42,5,0,0
BRDA:42,5,1,0
BRDA:73,6,0,0
BRDA:73,6,1,0
BRDA:79,7,0,0
BRDA:79,7,1,0
BRDA:87,8,0,0
BRDA:87,8,1,0
BRDA:93,9,0,0
BRDA:93,9,1,0
BRDA:94,10,0,0
BRDA:94,10,1,0
BRDA:94,10,2,0
BRDA:107,11,0,0
BRDA:107,11,1,0
BRDA:136,12,0,0
BRDA:136,12,1,0
BRDA:154,13,0,0
BRDA:154,13,1,0
BRDA:154,14,0,0
BRDA:154,14,1,0
BRDA:162,15,0,0
BRDA:162,15,1,0
BRDA:163,16,0,0
BRDA:163,16,1,0
BRDA:164,17,0,0
BRDA:164,17,1,0
BRDA:164,17,2,0
BRDA:178,18,0,0
BRDA:178,18,1,0
BRDA:199,19,0,0
BRDA:199,19,1,0
BRDA:226,20,0,0
BRDA:226,20,1,0
BRDA:226,21,0,0
BRDA:226,21,1,0
BRDA:247,22,0,0
BRDA:247,22,1,0
BRDA:265,23,0,0
BRDA:265,23,1,0
BRDA:265,24,0,0
BRDA:265,24,1,0
BRF:52
BRH:0
end_of_record
TN:
SF:middleware\authMiddleware.js
FN:3,(anonymous_0)
FNF:1
FNH:1
FNDA:6,(anonymous_0)
DA:1,4
DA:3,4
DA:5,6
DA:7,6
DA:8,5
DA:12,1
DA:14,1
DA:16,1
DA:21,0
DA:23,0
DA:27,1
DA:35,4
LF:12
LH:10
BRDA:7,0,0,5
BRDA:7,0,1,1
BRDA:7,1,0,6
BRDA:7,1,1,2
BRF:4
BRH:4
end_of_record
TN:
SF:middleware\rateLimiter.js
FN:3,(anonymous_0)
FN:19,(anonymous_1)
FN:33,(anonymous_2)
FN:39,(anonymous_3)
FNF:4
FNH:2
FNDA:8,(anonymous_0)
FNDA:0,(anonymous_1)
FNDA:4,(anonymous_2)
FNDA:0,(anonymous_3)
DA:1,4
DA:3,4
DA:4,8
DA:12,4
DA:20,0
DA:26,4
DA:34,4
DA:36,4
DA:40,0
DA:46,4
LF:10
LH:8
BRDA:5,0,0,8
BRDA:5,0,1,0
BRDA:5,0,2,0
BRDA:5,0,3,0
BRDA:34,1,0,4
BRDA:34,1,1,0
BRF:6
BRH:2
end_of_record
TN:
SF:middleware\roleMiddleware.js
FN:3,(anonymous_0)
FN:4,(anonymous_1)
FN:15,(anonymous_2)
FN:30,(anonymous_3)
FN:36,(anonymous_4)
FNF:5
FNH:1
FNDA:20,(anonymous_0)
FNDA:0,(anonymous_1)
FNDA:0,(anonymous_2)
FNDA:0,(anonymous_3)
FNDA:0,(anonymous_4)
DA:1,4
DA:3,4
DA:4,20
DA:5,0
DA:6,0
DA:8,0
DA:9,0
DA:14,0
DA:15,0
DA:17,0
DA:18,0
DA:23,0
DA:27,0
DA:30,0
DA:31,0
DA:36,0
DA:37,0
DA:42,0
DA:45,0
DA:47,0
DA:54,4
LF:21
LH:4
BRDA:8,0,0,0
BRDA:8,0,1,0
BRDA:14,1,0,0
BRDA:14,1,1,0
BRDA:17,2,0,0
BRDA:17,2,1,0
BRDA:27,3,0,0
BRDA:27,3,1,0
BRDA:31,4,0,0
BRDA:31,4,1,0
BRDA:31,4,2,0
BRDA:36,5,0,0
BRDA:36,5,1,0
BRDA:36,6,0,0
BRDA:36,6,1,0
BRF:15
BRH:0
end_of_record
TN:
SF:models\Organisation.js
FN:25,(anonymous_0)
FNF:1
FNH:0
FNDA:0,(anonymous_0)
DA:1,4
DA:2,4
DA:4,4
DA:25,4
DA:26,0
DA:27,0
DA:30,4
LF:7
LH:5
BRF:0
BRH:0
end_of_record
TN:
SF:models\Poll.js
FNF:0
FNH:0
DA:1,4
DA:3,4
DA:15,4
DA:42,4
DA:44,4
LF:5
LH:5
BRF:0
BRH:0
end_of_record
TN:
SF:models\User.js
FN:29,(anonymous_0)
FN:36,(anonymous_1)
FNF:2
FNH:2
FNDA:1,(anonymous_0)
FNDA:2,(anonymous_1)
DA:1,4
DA:2,4
DA:4,4
DA:16,4
DA:29,4
DA:30,1
DA:32,1
DA:33,1
DA:36,4
DA:37,2
DA:40,4
LF:11
LH:11
BRDA:30,0,0,0
BRDA:30,0,1,1
BRF:2
BRH:1
end_of_record
TN:
SF:routes\authRoutes.js
FNF:0
FNH:0
DA:1,4
DA:2,4
DA:9,4
DA:14,4
DA:16,4
DA:17,4
DA:19,4
DA:21,4
DA:26,4
DA:36,4
DA:43,4
DA:52,4
DA:59,4
DA:69,4
LF:14
LH:14
BRF:0
BRH:0
end_of_record
TN:
SF:routes\organisationRoutes.js
FNF:0
FNH:0
DA:1,4
DA:3,4
DA:4,4
DA:11,4
DA:13,4
DA:15,4
DA:21,4
DA:28,4
DA:35,4
DA:41,4
LF:10
LH:10
BRF:0
BRH:0
end_of_record
TN:
SF:routes\pollRoutes.js
FNF:0
FNH:0
DA:1,4
DA:3,4
DA:4,4
DA:13,4
DA:15,4
DA:18,4
DA:26,4
DA:34,4
DA:41,4
DA:48,4
DA:55,4
DA:61,4
LF:12
LH:12
BRF:0
BRH:0
end_of_record
TN:
SF:utils\generateToken.js
FN:3,generateToken
FNF:1
FNH:1
FNDA:2,generateToken
DA:1,4
DA:4,2
DA:17,4
LF:3
LH:3
BRF:0
BRH:0
end_of_record
